<?xml version="1.0" encoding="UTF-8"?>
<!-- Generated by org.testng.reporters.JUnitReportReporter -->
<testsuite hostname="LAPTOP-OBRRH6M2" failures="0" tests="4" name="SauceDemo.SwagLabLoginTestNG" time="13.086" errors="0" timestamp="2024-02-23T01:27:13 IST" skipped="0">
  <testcase classname="SauceDemo.SwagLabLoginTestNG" name="LoginWithProblemUser" time="1.769"/>
  <testcase classname="SauceDemo.SwagLabLoginTestNG" name="LoginWithValidCredentials" time="2.059"/>
  <testcase classname="SauceDemo.SwagLabLoginTestNG" name="LoginWithLockedOutUser" time="2.480"/>
  <testcase classname="SauceDemo.SwagLabLoginTestNG" name="LoginWithPerformanceGlitchUser" time="6.778"/>
</testsuite> <!-- SauceDemo.SwagLabLoginTestNG -->
