<?xml version="1.0" encoding="UTF-8"?>
<!-- Generated by org.testng.reporters.JUnitReportReporter -->
<testsuite hostname="LAPTOP-OBRRH6M2" failures="0" tests="5" name="SauceDemo.SampleTestNG" time="0.015" errors="0" timestamp="2024-02-23T01:34:05 IST" skipped="0">
  <testcase classname="SauceDemo.SampleTestNG" name="test4" time="0.006"/>
  <testcase classname="SauceDemo.SampleTestNG" name="test2" time="0.003"/>
  <testcase classname="SauceDemo.SampleTestNG" name="test1" time="0.003"/>
  <testcase classname="SauceDemo.SampleTestNG" name="test3" time="0.002"/>
  <testcase classname="SauceDemo.SampleTestNG" name="test5" time="0.001"/>
</testsuite> <!-- SauceDemo.SampleTestNG -->
